# JRE version: OpenJDK Runtime Environment Microsoft-8035246 (17.0.8+7) (build 17.0.8+7-LTS)
# Java VM: OpenJDK 64-Bit Server VM Microsoft-8035246 (17.0.8+7-LTS, mixed mode, sharing, tiered, compressed oops, compressed class ptrs, g1 gc, windows-amd64)
GC Precious Log:
 CPUs: 16 total, 16 available
 Memory: 16085M
 Large Page Support: Disabled
 NUMA Support: Disabled
 Compressed Oops: Enabled (32-bit)
 Heap Region Size: 1M
 Heap Min Capacity: 8M
 Heap Initial Capacity: 252M
 Heap Max Capacity: 2G
 Pre-touch: Disabled
 Parallel Workers: 13
 Concurrent Workers: 3
 Concurrent Refinement Workers: 13
 Periodic GC: Disabled
Heap:
 garbage-first heap   total 264192K, used 161152K [0x0000000080000000, 0x0000000100000000)
  region size 1024K, 25 young (25600K), 7 survivors (7168K)
 Metaspace       used 99881K, committed 100992K, reserved 557056K
  class space    used 14079K, committed 14592K, reserved 425984K
GC Heap History (20 events):
Event: 8.489 GC heap before
{Heap before GC invocations=29 (full 0):
 garbage-first heap   total 264192K, used 83096K [0x0000000080000000, 0x0000000100000000)
  region size 1024K, 12 young (12288K), 5 survivors (5120K)
 Metaspace       used 68387K, committed 69184K, reserved 491520K
  class space    used 9802K, committed 10176K, reserved 425984K
}
Event: 8.492 GC heap after
{Heap after GC invocations=30 (full 0):
 garbage-first heap   total 264192K, used 76359K [0x0000000080000000, 0x0000000100000000)
  region size 1024K, 2 young (2048K), 2 survivors (2048K)
 Metaspace       used 68387K, committed 69184K, reserved 491520K
  class space    used 9802K, committed 10176K, reserved 425984K
}
Event: 10.537 GC heap before
{Heap before GC invocations=30 (full 0):
 garbage-first heap   total 264192K, used 196167K [0x0000000080000000, 0x0000000100000000)
  region size 1024K, 108 young (110592K), 2 survivors (2048K)
 Metaspace       used 72379K, committed 73216K, reserved 491520K
  class space    used 10330K, committed 10752K, reserved 425984K
}
Event: 10.541 GC heap after
{Heap after GC invocations=31 (full 0):
 garbage-first heap   total 264192K, used 97484K [0x0000000080000000, 0x0000000100000000)
  region size 1024K, 11 young (11264K), 11 survivors (11264K)
 Metaspace       used 72379K, committed 73216K, reserved 491520K
  class space    used 10330K, committed 10752K, reserved 425984K
}
Event: 11.241 GC heap before
{Heap before GC invocations=31 (full 0):
 garbage-first heap   total 264192K, used 194764K [0x0000000080000000, 0x0000000100000000)
  region size 1024K, 106 young (108544K), 11 survivors (11264K)
 Metaspace       used 75855K, committed 76736K, reserved 557056K
  class space    used 10722K, committed 11136K, reserved 425984K
}
Event: 11.245 GC heap after
{Heap after GC invocations=32 (full 0):
 garbage-first heap   total 264192K, used 104861K [0x0000000080000000, 0x0000000100000000)
  region size 1024K, 10 young (10240K), 10 survivors (10240K)
 Metaspace       used 75855K, committed 76736K, reserved 557056K
  class space    used 10722K, committed 11136K, reserved 425984K
}
Event: 11.401 GC heap before
{Heap before GC invocations=32 (full 0):
 garbage-first heap   total 264192K, used 198045K [0x0000000080000000, 0x0000000100000000)
  region size 1024K, 102 young (104448K), 10 survivors (10240K)
 Metaspace       used 75904K, committed 76800K, reserved 557056K
  class space    used 10722K, committed 11136K, reserved 425984K
}
Event: 11.405 GC heap after
{Heap after GC invocations=33 (full 0):
 garbage-first heap   total 264192K, used 108216K [0x0000000080000000, 0x0000000100000000)
  region size 1024K, 6 young (6144K), 6 survivors (6144K)
 Metaspace       used 75904K, committed 76800K, reserved 557056K
  class space    used 10722K, committed 11136K, reserved 425984K
}
Event: 11.905 GC heap before
{Heap before GC invocations=33 (full 0):
 garbage-first heap   total 264192K, used 209592K [0x0000000080000000, 0x0000000100000000)
  region size 1024K, 100 young (102400K), 6 survivors (6144K)
 Metaspace       used 79360K, committed 80256K, reserved 557056K
  class space    used 11110K, committed 11520K, reserved 425984K
}
Event: 11.908 GC heap after
{Heap after GC invocations=34 (full 0):
 garbage-first heap   total 264192K, used 121657K [0x0000000080000000, 0x0000000100000000)
  region size 1024K, 13 young (13312K), 13 survivors (13312K)
 Metaspace       used 79360K, committed 80256K, reserved 557056K
  class space    used 11110K, committed 11520K, reserved 425984K
}
Event: 12.419 GC heap before
{Heap before GC invocations=34 (full 0):
 garbage-first heap   total 264192K, used 212793K [0x0000000080000000, 0x0000000100000000)
  region size 1024K, 96 young (98304K), 13 survivors (13312K)
 Metaspace       used 84583K, committed 85504K, reserved 557056K
  class space    used 11775K, committed 12224K, reserved 425984K
}
Event: 12.423 GC heap after
{Heap after GC invocations=35 (full 0):
 garbage-first heap   total 264192K, used 128176K [0x0000000080000000, 0x0000000100000000)
  region size 1024K, 7 young (7168K), 7 survivors (7168K)
 Metaspace       used 84583K, committed 85504K, reserved 557056K
  class space    used 11775K, committed 12224K, reserved 425984K
}
Event: 12.836 GC heap before
{Heap before GC invocations=35 (full 0):
 garbage-first heap   total 264192K, used 210096K [0x0000000080000000, 0x0000000100000000)
  region size 1024K, 87 young (89088K), 7 survivors (7168K)
 Metaspace       used 89442K, committed 90496K, reserved 557056K
  class space    used 12430K, committed 12928K, reserved 425984K
}
Event: 12.838 GC heap after
{Heap after GC invocations=36 (full 0):
 garbage-first heap   total 264192K, used 130969K [0x0000000080000000, 0x0000000100000000)
  region size 1024K, 3 young (3072K), 3 survivors (3072K)
 Metaspace       used 89442K, committed 90496K, reserved 557056K
  class space    used 12430K, committed 12928K, reserved 425984K
}
Event: 15.054 GC heap before
{Heap before GC invocations=36 (full 0):
 garbage-first heap   total 264192K, used 213913K [0x0000000080000000, 0x0000000100000000)
  region size 1024K, 84 young (86016K), 3 survivors (3072K)
 Metaspace       used 91314K, committed 92352K, reserved 557056K
  class space    used 12704K, committed 13184K, reserved 425984K
}
Event: 15.057 GC heap after
{Heap after GC invocations=37 (full 0):
 garbage-first heap   total 264192K, used 137466K [0x0000000080000000, 0x0000000100000000)
  region size 1024K, 10 young (10240K), 10 survivors (10240K)
 Metaspace       used 91314K, committed 92352K, reserved 557056K
  class space    used 12704K, committed 13184K, reserved 425984K
}
Event: 15.549 GC heap before
{Heap before GC invocations=37 (full 0):
 garbage-first heap   total 264192K, used 215290K [0x0000000080000000, 0x0000000100000000)
  region size 1024K, 85 young (87040K), 10 survivors (10240K)
 Metaspace       used 95408K, committed 96512K, reserved 557056K
  class space    used 13435K, committed 13952K, reserved 425984K
}
Event: 15.553 GC heap after
{Heap after GC invocations=38 (full 0):
 garbage-first heap   total 264192K, used 139669K [0x0000000080000000, 0x0000000100000000)
  region size 1024K, 3 young (3072K), 3 survivors (3072K)
 Metaspace       used 95408K, committed 96512K, reserved 557056K
  class space    used 13435K, committed 13952K, reserved 425984K
}
Event: 17.975 GC heap before
{Heap before GC invocations=38 (full 0):
 garbage-first heap   total 264192K, used 217493K [0x0000000080000000, 0x0000000100000000)
  region size 1024K, 79 young (80896K), 3 survivors (3072K)
 Metaspace       used 99310K, committed 100416K, reserved 557056K
  class space    used 13992K, committed 14528K, reserved 425984K
}
Event: 17.978 GC heap after
{Heap after GC invocations=39 (full 0):
 garbage-first heap   total 264192K, used 143744K [0x0000000080000000, 0x0000000100000000)
  region size 1024K, 7 young (7168K), 7 survivors (7168K)
 Metaspace       used 99310K, committed 100416K, reserved 557056K
  class space    used 13992K, committed 14528K, reserved 425984K
}

